<?xml version="1.0" encoding="UTF-8"?>
<!-- Generated by org.testng.reporters.JUnitReportReporter -->
<testsuite name="com.cases.Test126Mail" tests="1" time="28.468" ignored="0" failures="0" timestamp="14 三月 2022 14:23:13 GMT" skipped="0" hostname="DESKTOP-N1AAAEF" errors="0">
  <testcase name="LoginTest" time="28.468" classname="com.cases.Test126Mail"/>
</testsuite> <!-- com.cases.Test126Mail -->
